15:28:40.210 [main                     ] DEBUG Logger               - Configured Logger
15:28:40.224 [main                     ] DEBUG GameApplication      - Logging settings
Title: Mario Game
Version: 0.0
Width: 960
Height: 640
Fullscreen: false
Intro: false
Profiling: false
Single step:false
App Mode: DEVELOPER
Menu Key: ESCAPE
Stage Style: DECORATED
Scene Factory: class com.almasb.fxgl.app.scene.SceneFactory

15:28:40.527 [JavaFX Application Thread] DEBUG FXGLApplication      - Initializing FXGL
15:28:40.529 [JavaFX Application Thread] INFO  Engine               - FXGL-17.1 (24.03.2022 17.34) on MAC (J:19.0.1 FX:18)
15:28:40.530 [JavaFX Application Thread] DEBUG Engine               - JRE Vendor Name: Oracle Corporation
15:28:40.530 [JavaFX Application Thread] DEBUG Engine               - Running on OS: Mac OS X version 13.0.1
15:28:40.530 [JavaFX Application Thread] DEBUG Engine               - Architecture: aarch64
15:28:40.530 [JavaFX Application Thread] INFO  Engine               - Source code and latest versions at: https://github.com/AlmasB/FXGL
15:28:40.530 [JavaFX Application Thread] INFO  Engine               -       Ask questions and discuss at: https://github.com/AlmasB/FXGL/discussions
15:28:40.530 [JavaFX Application Thread] INFO  Engine               -              Join the FXGL chat at: https://gitter.im/AlmasB/FXGL
15:28:40.579 [JavaFX Application Thread] DEBUG PrimaryStageWindow   - Creating a JavaFX scene
15:28:40.598 [JavaFX Application Thread] DEBUG PrimaryStageWindow   - Target settings size: 960.0 x 640.0
15:28:40.598 [JavaFX Application Thread] DEBUG PrimaryStageWindow   - Scaled scene size:    960.0 x 640.0
15:28:40.598 [JavaFX Application Thread] DEBUG PrimaryStageWindow   - Scaled ratio: (1.0, 1.0)
15:28:40.598 [JavaFX Application Thread] DEBUG PrimaryStageWindow   - Set initial scene to FXGLStartupScene
15:28:40.601 [JavaFX Application Thread] DEBUG PrimaryStageWindow   - Opening main window
15:28:40.646 [JavaFX Application Thread] DEBUG PrimaryStageWindow   - Window border size: (0.0, 28.0)
15:28:40.646 [JavaFX Application Thread] DEBUG PrimaryStageWindow   - Scaled size: 960.0 x 640.0
15:28:40.646 [JavaFX Application Thread] DEBUG PrimaryStageWindow   - Scaled ratio: (1.0, 1.0)
15:28:40.646 [JavaFX Application Thread] DEBUG PrimaryStageWindow   - Scene size: 960.0 x 640.0
15:28:40.646 [JavaFX Application Thread] DEBUG PrimaryStageWindow   - Stage size: 960.0 x 668.0
15:28:40.649 [FXGL Background Thread 1 ] DEBUG Engine               - Initializing environment variables
15:28:40.671 [FXGL Background Thread 1 ] DEBUG FXGLAssetLoaderServi - User app class for loading assets: class game.MarioApp
15:28:40.671 [FXGL Background Thread 1 ] DEBUG GameApplicationServi - Applying CSS: fxgl_dark.css
15:28:40.672 [FXGL Background Thread 1 ] DEBUG FXGLAssetLoaderServi - Loading from file system: jar:file:///Users/karinasang/.m2/repository/com/github/almasb/fxgl/17.1/fxgl-17.1.jar!/fxglassets/ui/css/fxgl_dark.css
15:28:40.692 [FXGL Background Thread 1 ] DEBUG GameApplicationServi - Initializing application scenes
15:28:40.799 [FXGL Background Thread 1 ] DEBUG GameWorld            - Game world initialized
15:28:40.828 [FXGL Background Thread 1 ] DEBUG PhysicsWorld         - Physics world initialized: appHeight=640, physics.ppm=50.0
15:28:40.828 [FXGL Background Thread 1 ] DEBUG PhysicsWorld         - Using strategy: BRUTE_FORCE
15:28:40.830 [FXGL Background Thread 1 ] DEBUG GameScene            - Game scene initialized: 960x640
15:28:40.837 [FXGL Background Thread 1 ] DEBUG FXGL.DefaultMenu     - createMenuBodyGameMenu()
15:28:40.846 [FXGL Background Thread 1 ] DEBUG FXGL.DefaultMenu     - createOptionsMenu()
15:28:40.850 [FXGL Background Thread 1 ] DEBUG FXGLAssetLoaderServi - Loading from file system: jar:file:///Users/karinasang/.m2/repository/com/github/almasb/fxgl/17.1/fxgl-17.1.jar!/fxglassets/textures/particles/smoke.png
15:28:40.913 [FXGL Background Thread 1 ] DEBUG FXGLAssetLoaderServi - Loading from file system: jar:file:///Users/karinasang/.m2/repository/com/github/almasb/fxgl/17.1/fxgl-17.1.jar!/fxglassets/textures/particles/trace_horizontal.png
15:28:40.927 [FXGL Background Thread 1 ] DEBUG GameApplicationServi - Application scenes initialized
15:28:40.932 [FXGL Background Thread 1 ] DEBUG SystemBundleService  - Loading FXGL system data
15:28:40.934 [FXGL Background Thread 1 ] DEBUG FileSystemAccess     - Reading from: /Users/karinasang/Sherry/MarioGame/system/fxgl.bundle
15:28:40.939 [FXGL Background Thread 1 ] DEBUG SystemBundleService  - Bundle FXGL: {}
15:28:40.939 [FXGL Background Thread 1 ] DEBUG UpdaterService       - Checking for updates
15:28:40.941 [FXGL Background Thread 4 ] DEBUG FXGLApplication      - Loading fonts
15:28:40.942 [FXGL Background Thread 4 ] DEBUG FXGLAssetLoaderServi - Loading from file system: jar:file:///Users/karinasang/.m2/repository/com/github/almasb/fxgl/17.1/fxgl-17.1.jar!/fxglassets/ui/fonts/VarelaRound-Regular.ttf
15:28:40.942 [FXGL Background Thread 1 ] DEBUG FXGLApplication      - Loading default localization
15:28:40.942 [FXGL Background Thread 1 ] DEBUG FXGLAssetLoaderServi - Loading from file system: jar:file:///Users/karinasang/.m2/repository/com/github/almasb/fxgl/17.1/fxgl-17.1.jar!/fxglassets/languages/english.lang
15:28:40.950 [FXGL Background Thread 4 ] DEBUG FXGLAssetLoaderServi - Loading from file system: jar:file:///Users/karinasang/.m2/repository/com/github/almasb/fxgl/17.1/fxgl-17.1.jar!/fxglassets/ui/fonts/Abel-Regular.ttf
15:28:40.952 [FXGL Background Thread 1 ] INFO  FXGLApplication      - FXGL initialization took: 0.303 sec
15:28:40.954 [FXGL Background Thread 4 ] DEBUG FXGLAssetLoaderServi - Loading from file system: jar:file:///Users/karinasang/.m2/repository/com/github/almasb/fxgl/17.1/fxgl-17.1.jar!/fxglassets/ui/fonts/TerminalLandMono-Regular.otf
15:28:40.957 [JavaFX Application Thread] DEBUG Input                - Registered new binding: left - A
15:28:40.957 [JavaFX Application Thread] DEBUG Input                - Registered new binding: right - D
15:28:40.957 [JavaFX Application Thread] DEBUG Input                - Registered new binding: jump - Space
15:28:40.958 [JavaFX Application Thread] DEBUG FXGLAssetLoaderServi - Loading from file system: jar:file:///Users/karinasang/.m2/repository/com/github/almasb/fxgl/17.1/fxgl-17.1.jar!/fxglassets/textures/fxgl_icon.png
15:28:40.959 [FXGL Background Thread 4 ] DEBUG FXGLAssetLoaderServi - Loading from file system: jar:file:///Users/karinasang/.m2/repository/com/github/almasb/fxgl/17.1/fxgl-17.1.jar!/fxglassets/ui/fonts/Courier-Prime.ttf
15:28:40.976 [JavaFX Application Thread] DEBUG FXGLAssetLoaderServi - Loading from file system: jar:file:///Users/karinasang/.m2/repository/com/github/almasb/fxgl/17.1/fxgl-17.1.jar!/fxglassets/textures/fxgl_default_cursor.png
15:28:40.977 [JavaFX Application Thread] DEBUG Input                - Registered new binding: Screenshot - CTRL+8
15:28:40.977 [JavaFX Application Thread] DEBUG Input                - Registered new binding: System info dump - CTRL+9
15:28:40.977 [JavaFX Application Thread] DEBUG Input                - Registered new binding: Restart - CTRL+R
15:28:40.977 [JavaFX Application Thread] DEBUG Input                - Registered new binding: Toggle Debug Camera - CTRL+7
15:28:40.978 [JavaFX Application Thread] DEBUG LoopRunner           - Starting loop
15:28:40.978 [JavaFX Application Thread] DEBUG LoopRunner           - Initializing JavaFX AnimationTimerLoop
15:28:40.978 [JavaFX Application Thread] DEBUG GameApplicationServi - Starting new game
15:28:40.979 [JavaFX Application Thread] DEBUG Input                - Clearing active input actions
15:28:40.983 [JavaFX Application Thread] DEBUG GameApplicationServi - Removing overlay from FXGLStartupScene and adding to FXGLLoadingScene
15:28:40.983 [JavaFX Application Thread] DEBUG PrimaryStageWindow   - FXGLStartupScene -> FXGLLoadingScene
15:28:40.983 [JavaFX Application Thread] DEBUG GameApplicationServi - Clearing previous game
15:28:40.983 [JavaFX Application Thread] DEBUG GameScene            - Clearing game scene
15:28:40.983 [JavaFX Application Thread] DEBUG GameWorld            - Clearing game world
15:28:40.983 [JavaFX Application Thread] DEBUG PhysicsWorld         - Clearing physics world
15:28:40.984 [FXGL Background Thread 4 ] DEBUG FXGLApplication      - Initializing game
15:28:41.022 [FXGL Background Thread 4 ] WARN  TMXLevelLoader       - TiledMap generated from 1.9.2. Supported version: 1.4.2. Some features may not be parsed fully.
15:28:41.026 [JavaFX Application Thread] DEBUG FXGLApplication      - Registering font factories with UI factory
15:28:41.027 [FXGL Background Thread 4 ] DEBUG TMXLevelLoader       - Parsed TiledMap: file:/Users/karinasang/Sherry/MarioGame/target/classes/assets/levels/marioMap.tmx
15:28:41.028 [FXGL Background Thread 4 ] DEBUG TMXLevelLoader       - Creating tile layer entities
15:28:41.031 [FXGL Background Thread 4 ] DEBUG TilesetLoader        - Loading view for layer Tile Layer 1
15:28:41.032 [FXGL Background Thread 4 ] DEBUG TilesetLoader        - Created buffer with size 960.0x640.0
15:28:41.054 [FXGL Background Thread 4 ] DEBUG TMXLevelLoader       - Creating object layer entities
15:28:41.075 [FXGL Background Thread 4 ] DEBUG GameWorld            - Clearing removable entities
15:28:41.075 [FXGL Background Thread 4 ] DEBUG GameWorld            - Setting level: com.almasb.fxgl.entity.level.Level@43ea2574
15:28:41.080 [FXGL Background Thread 4 ] INFO  FXGLApplication      - Game initialization took: 0.096 sec
15:28:41.102 [JavaFX Application Thread] DEBUG Input                - Clearing active input actions
15:28:41.106 [JavaFX Application Thread] DEBUG GameApplicationServi - Removing overlay from FXGLLoadingScene and adding to GameScene
15:28:41.106 [JavaFX Application Thread] DEBUG PrimaryStageWindow   - FXGLLoadingScene -> GameScene
15:28:41.333 [FXGL Background Thread 2 ] INFO  UpdaterService       - Your current version:  17.1
15:28:41.334 [FXGL Background Thread 2 ] INFO  UpdaterService       - Latest stable version: 17.2
15:28:43.946 [FXGL Background Thread 3 ] DEBUG Engine               - Logging environment variables
15:28:43.947 [FXGL Background Thread 3 ] DEBUG Engine               - achievements: []
15:28:43.948 [FXGL Background Thread 3 ] DEBUG Engine               - actualHeight: 640.0
15:28:43.948 [FXGL Background Thread 3 ] DEBUG Engine               - actualHeightProperty: ReadOnlyDoubleProperty [value: 640.0]
15:28:43.948 [FXGL Background Thread 3 ] DEBUG Engine               - actualWidth: 960.0
15:28:43.948 [FXGL Background Thread 3 ] DEBUG Engine               - actualWidthProperty: ReadOnlyDoubleProperty [value: 960.0]
15:28:43.948 [FXGL Background Thread 3 ] DEBUG Engine               - appIcon: fxgl_icon.png
15:28:43.948 [FXGL Background Thread 3 ] DEBUG Engine               - applicationMode: DEVELOPER
15:28:43.948 [FXGL Background Thread 3 ] DEBUG Engine               - cSSList: [fxgl_dark.css]
15:28:43.949 [FXGL Background Thread 3 ] DEBUG Engine               - collisionDetectionStrategy: BRUTE_FORCE
15:28:43.949 [FXGL Background Thread 3 ] DEBUG Engine               - configClass: Optional.empty
15:28:43.949 [FXGL Background Thread 3 ] DEBUG Engine               - credits: []
15:28:43.949 [FXGL Background Thread 3 ] DEBUG Engine               - defaultCursor: CursorInfo(imageName=fxgl_default_cursor.png, hotspotX=7.0, hotspotY=6.0)
15:28:43.950 [FXGL Background Thread 3 ] DEBUG Engine               - devBBoxColorProperty: ObjectProperty [value: 0xff0000ff]
15:28:43.950 [FXGL Background Thread 3 ] DEBUG Engine               - devEnableDebugCameraProperty: BooleanProperty [value: false]
15:28:43.950 [FXGL Background Thread 3 ] DEBUG Engine               - devSensorColorProperty: ObjectProperty [value: 0xffff00ff]
15:28:43.950 [FXGL Background Thread 3 ] DEBUG Engine               - devShowBBoxProperty: BooleanProperty [value: false]
15:28:43.950 [FXGL Background Thread 3 ] DEBUG Engine               - devShowPositionProperty: BooleanProperty [value: false]
15:28:43.950 [FXGL Background Thread 3 ] DEBUG Engine               - enabledMenuItems: []
15:28:43.950 [FXGL Background Thread 3 ] DEBUG Engine               - engineServices: [class com.almasb.fxgl.app.services.FXGLAssetLoaderService, class com.almasb.fxgl.app.FXGLApplication$GameApplicationService, class com.almasb.fxgl.app.services.FXGLDialogService, class com.almasb.fxgl.app.services.IOTaskExecutorService, class com.almasb.fxgl.io.FileSystemService, class com.almasb.fxgl.localization.LocalizationService, class com.almasb.fxgl.app.services.SystemBundleService, class com.almasb.fxgl.profile.SaveLoadService, class com.almasb.fxgl.ui.FXGLUIFactoryServiceProvider, class com.almasb.fxgl.ui.FXGLDialogFactoryServiceProvider, class com.almasb.fxgl.audio.AudioPlayer, class com.almasb.fxgl.notification.impl.NotificationServiceProvider, class com.almasb.fxgl.achievement.AchievementService, class com.almasb.fxgl.cutscene.CutsceneService, class com.almasb.fxgl.minigames.MiniGameService, class com.almasb.fxgl.net.NetService, class com.almasb.fxgl.app.services.UpdaterService, class com.almasb.fxgl.dev.DevService]
15:28:43.950 [FXGL Background Thread 3 ] DEBUG Engine               - fontGame: Abel-Regular.ttf
15:28:43.950 [FXGL Background Thread 3 ] DEBUG Engine               - fontMono: TerminalLandMono-Regular.otf
15:28:43.950 [FXGL Background Thread 3 ] DEBUG Engine               - fontText: Courier-Prime.ttf
15:28:43.950 [FXGL Background Thread 3 ] DEBUG Engine               - fontUI: VarelaRound-Regular.ttf
15:28:43.951 [FXGL Background Thread 3 ] DEBUG Engine               - fullScreen: BooleanProperty [value: false]
15:28:43.951 [FXGL Background Thread 3 ] DEBUG Engine               - gameDifficulty: MEDIUM
15:28:43.951 [FXGL Background Thread 3 ] DEBUG Engine               - gameDifficultyProperty: ObjectProperty [value: MEDIUM]
15:28:43.951 [FXGL Background Thread 3 ] DEBUG Engine               - globalMusicVolume: 0.5
15:28:43.951 [FXGL Background Thread 3 ] DEBUG Engine               - globalMusicVolumeProperty: DoubleProperty [value: 0.5]
15:28:43.951 [FXGL Background Thread 3 ] DEBUG Engine               - globalSoundVolume: 0.5
15:28:43.951 [FXGL Background Thread 3 ] DEBUG Engine               - globalSoundVolumeProperty: DoubleProperty [value: 0.5]
15:28:43.951 [FXGL Background Thread 3 ] DEBUG Engine               - height: 640
15:28:43.951 [FXGL Background Thread 3 ] DEBUG Engine               - is3D: false
15:28:43.951 [FXGL Background Thread 3 ] DEBUG Engine               - isAndroid: false
15:28:43.951 [FXGL Background Thread 3 ] DEBUG Engine               - isBrowser: false
15:28:43.952 [FXGL Background Thread 3 ] DEBUG Engine               - isClickFeedbackEnabled: false
15:28:43.952 [FXGL Background Thread 3 ] DEBUG Engine               - isCloseConfirmation: false
15:28:43.952 [FXGL Background Thread 3 ] DEBUG Engine               - isDesktop: true
15:28:43.952 [FXGL Background Thread 3 ] DEBUG Engine               - isDeveloperMenuEnabled: false
15:28:43.952 [FXGL Background Thread 3 ] DEBUG Engine               - isEmbedded: false
15:28:43.952 [FXGL Background Thread 3 ] DEBUG Engine               - isEntityPreloadEnabled: true
15:28:43.952 [FXGL Background Thread 3 ] DEBUG Engine               - isExperimentalTiledLargeMap: false
15:28:43.952 [FXGL Background Thread 3 ] DEBUG Engine               - isFileSystemWriteAllowed: true
15:28:43.952 [FXGL Background Thread 3 ] DEBUG Engine               - isFullScreenAllowed: false
15:28:43.952 [FXGL Background Thread 3 ] DEBUG Engine               - isFullScreenFromStart: false
15:28:43.953 [FXGL Background Thread 3 ] DEBUG Engine               - isGameMenuEnabled: true
15:28:43.953 [FXGL Background Thread 3 ] DEBUG Engine               - isIOS: false
15:28:43.953 [FXGL Background Thread 3 ] DEBUG Engine               - isIntroEnabled: false
15:28:43.953 [FXGL Background Thread 3 ] DEBUG Engine               - isLinux: false
15:28:43.953 [FXGL Background Thread 3 ] DEBUG Engine               - isMac: true
15:28:43.953 [FXGL Background Thread 3 ] DEBUG Engine               - isMainMenuEnabled: false
15:28:43.953 [FXGL Background Thread 3 ] DEBUG Engine               - isManualResizeEnabled: false
15:28:43.953 [FXGL Background Thread 3 ] DEBUG Engine               - isMobile: false
15:28:43.954 [FXGL Background Thread 3 ] DEBUG Engine               - isNative: false
15:28:43.954 [FXGL Background Thread 3 ] DEBUG Engine               - isPauseMusicWhenMinimized: true
15:28:43.954 [FXGL Background Thread 3 ] DEBUG Engine               - isPreserveResizeRatio: false
15:28:43.954 [FXGL Background Thread 3 ] DEBUG Engine               - isProfilingEnabled: false
15:28:43.954 [FXGL Background Thread 3 ] DEBUG Engine               - isScaleAffectedOnResize: true
15:28:43.954 [FXGL Background Thread 3 ] DEBUG Engine               - isSingleStep: false
15:28:43.954 [FXGL Background Thread 3 ] DEBUG Engine               - isUserProfileEnabled: false
15:28:43.954 [FXGL Background Thread 3 ] DEBUG Engine               - isWindows: false
15:28:43.954 [FXGL Background Thread 3 ] DEBUG Engine               - language: ObjectProperty [value: ENGLISH]
15:28:43.954 [FXGL Background Thread 3 ] DEBUG Engine               - menuKey: ESCAPE
15:28:43.954 [FXGL Background Thread 3 ] DEBUG Engine               - mouseSensitivity: 0.2
15:28:43.954 [FXGL Background Thread 3 ] DEBUG Engine               - notificationViewClass: class com.almasb.fxgl.notification.view.XboxNotificationView
15:28:43.954 [FXGL Background Thread 3 ] DEBUG Engine               - pixelsPerMeter: 50.0
15:28:43.954 [FXGL Background Thread 3 ] DEBUG Engine               - platform: MAC
15:28:43.954 [FXGL Background Thread 3 ] DEBUG Engine               - prefHeightProperty: ReadOnlyDoubleProperty [value: 640.0]
15:28:43.955 [FXGL Background Thread 3 ] DEBUG Engine               - prefWidthProperty: ReadOnlyDoubleProperty [value: 960.0]
15:28:43.955 [FXGL Background Thread 3 ] DEBUG Engine               - profileDir: profiles/
15:28:43.955 [FXGL Background Thread 3 ] DEBUG Engine               - profileName: StringProperty [value: DEFAULT]
15:28:43.955 [FXGL Background Thread 3 ] DEBUG Engine               - randomSeed: -1
15:28:43.955 [FXGL Background Thread 3 ] DEBUG Engine               - runtimeInfo: RuntimeInfo(platform=MAC, version=17.1, build=24.03.2022 17.34)
15:28:43.955 [FXGL Background Thread 3 ] DEBUG Engine               - saveFileExt: sav
15:28:43.955 [FXGL Background Thread 3 ] DEBUG Engine               - scaledHeightProp$fxgl: DoubleProperty [bound, value: 640.0]
15:28:43.955 [FXGL Background Thread 3 ] DEBUG Engine               - scaledWidthProp$fxgl: DoubleProperty [bound, value: 960.0]
15:28:43.955 [FXGL Background Thread 3 ] DEBUG Engine               - sceneFactory: com.almasb.fxgl.app.scene.SceneFactory@2b186f48
15:28:43.955 [FXGL Background Thread 3 ] DEBUG Engine               - secondsIn24h: 60
15:28:43.956 [FXGL Background Thread 3 ] DEBUG Engine               - soundMenuBack: menu/back.wav
15:28:43.956 [FXGL Background Thread 3 ] DEBUG Engine               - soundMenuPress: menu/press.wav
15:28:43.956 [FXGL Background Thread 3 ] DEBUG Engine               - soundMenuSelect: menu/select.wav
15:28:43.956 [FXGL Background Thread 3 ] DEBUG Engine               - soundNotification: core/notification.wav
15:28:43.956 [FXGL Background Thread 3 ] DEBUG Engine               - stageStyle: DECORATED
15:28:43.956 [FXGL Background Thread 3 ] DEBUG Engine               - supportedLanguages: [ENGLISH, FRENCH, GERMAN, HUNGARIAN, RUSSIAN]
15:28:43.956 [FXGL Background Thread 3 ] DEBUG Engine               - ticksPerSecond: -1
15:28:43.956 [FXGL Background Thread 3 ] DEBUG Engine               - title: Mario Game
15:28:43.956 [FXGL Background Thread 3 ] DEBUG Engine               - urlGithub: https://github.com/AlmasB/FXGL
15:28:43.956 [FXGL Background Thread 3 ] DEBUG Engine               - urlLeaderboard: http://fxgl-top.herokuapp.com/
15:28:43.956 [FXGL Background Thread 3 ] DEBUG Engine               - urlPOM: https://raw.githubusercontent.com/AlmasB/FXGL/release/README.md
15:28:43.956 [FXGL Background Thread 3 ] DEBUG Engine               - userAppClass: class game.MarioApp
15:28:43.956 [FXGL Background Thread 3 ] DEBUG Engine               - version: 0.0
15:28:43.956 [FXGL Background Thread 3 ] DEBUG Engine               - versionCheckDays: 7
15:28:43.956 [FXGL Background Thread 3 ] DEBUG Engine               - width: 960
15:28:43.957 [FXGL Background Thread 3 ] DEBUG Engine               - Logging services
15:28:43.957 [FXGL Background Thread 3 ] DEBUG Engine               - class com.almasb.fxgl.app.services.FXGLAssetLoaderService
15:28:43.957 [FXGL Background Thread 3 ] DEBUG Engine               - class com.almasb.fxgl.app.FXGLApplication$GameApplicationService
15:28:43.957 [FXGL Background Thread 3 ] DEBUG Engine               - class com.almasb.fxgl.app.services.FXGLDialogService
15:28:43.957 [FXGL Background Thread 3 ] DEBUG Engine               - class com.almasb.fxgl.app.services.IOTaskExecutorService
15:28:43.957 [FXGL Background Thread 3 ] DEBUG Engine               - class com.almasb.fxgl.io.FileSystemService
15:28:43.957 [FXGL Background Thread 3 ] DEBUG Engine               - class com.almasb.fxgl.localization.LocalizationService
15:28:43.957 [FXGL Background Thread 3 ] DEBUG Engine               - class com.almasb.fxgl.app.services.SystemBundleService
15:28:43.957 [FXGL Background Thread 3 ] DEBUG Engine               - class com.almasb.fxgl.profile.SaveLoadService
15:28:43.957 [FXGL Background Thread 3 ] DEBUG Engine               - class com.almasb.fxgl.ui.FXGLUIFactoryServiceProvider
15:28:43.957 [FXGL Background Thread 3 ] DEBUG Engine               - class com.almasb.fxgl.ui.FXGLDialogFactoryServiceProvider
15:28:43.957 [FXGL Background Thread 3 ] DEBUG Engine               - class com.almasb.fxgl.audio.AudioPlayer
15:28:43.957 [FXGL Background Thread 3 ] DEBUG Engine               - class com.almasb.fxgl.notification.impl.NotificationServiceProvider
15:28:43.957 [FXGL Background Thread 3 ] DEBUG Engine               - class com.almasb.fxgl.achievement.AchievementService
15:28:43.957 [FXGL Background Thread 3 ] DEBUG Engine               - class com.almasb.fxgl.cutscene.CutsceneService
15:28:43.957 [FXGL Background Thread 3 ] DEBUG Engine               - class com.almasb.fxgl.minigames.MiniGameService
15:28:43.957 [FXGL Background Thread 3 ] DEBUG Engine               - class com.almasb.fxgl.net.NetService
15:28:43.957 [FXGL Background Thread 3 ] DEBUG Engine               - class com.almasb.fxgl.app.services.UpdaterService
15:28:43.957 [FXGL Background Thread 3 ] DEBUG Engine               - class com.almasb.fxgl.dev.DevService
15:28:53.282 [JavaFX Application Thread] DEBUG FXGLApplication      - Exiting FXGL
15:28:53.286 [JavaFX Application Thread] DEBUG LoopRunner           - Stopping loop
15:28:53.286 [JavaFX Application Thread] DEBUG SystemBundleService  - Saving FXGL system data
15:28:53.291 [JavaFX Application Thread] DEBUG FileSystemAccess     - Writing to: /Users/karinasang/Sherry/MarioGame/system/fxgl.bundle
15:28:53.293 [JavaFX Application Thread] DEBUG Async                - Shutting down background threads
15:28:53.293 [JavaFX Application Thread] DEBUG PrimaryStageWindow   - Closing main window
15:28:53.299 [JavaFX Application Thread] DEBUG Logger               - Closing Logger
