15:17:45.854 [main                     ] DEBUG Logger               - Configured Logger
15:17:45.866 [main                     ] DEBUG GameApplication      - Logging settings
Title: Mario Game
Version: 0.0
Width: 960
Height: 640
Fullscreen: false
Intro: false
Profiling: false
Single step:false
App Mode: DEVELOPER
Menu Key: ESCAPE
Stage Style: DECORATED
Scene Factory: class com.almasb.fxgl.app.scene.SceneFactory

15:17:46.113 [JavaFX Application Thread] DEBUG FXGLApplication      - Initializing FXGL
15:17:46.115 [JavaFX Application Thread] INFO  Engine               - FXGL-17.1 (24.03.2022 17.34) on MAC (J:19.0.1 FX:18)
15:17:46.115 [JavaFX Application Thread] DEBUG Engine               - JRE Vendor Name: Oracle Corporation
15:17:46.115 [JavaFX Application Thread] DEBUG Engine               - Running on OS: Mac OS X version 13.0.1
15:17:46.115 [JavaFX Application Thread] DEBUG Engine               - Architecture: aarch64
15:17:46.115 [JavaFX Application Thread] INFO  Engine               - Source code and latest versions at: https://github.com/AlmasB/FXGL
15:17:46.115 [JavaFX Application Thread] INFO  Engine               -       Ask questions and discuss at: https://github.com/AlmasB/FXGL/discussions
15:17:46.115 [JavaFX Application Thread] INFO  Engine               -              Join the FXGL chat at: https://gitter.im/AlmasB/FXGL
15:17:46.162 [JavaFX Application Thread] DEBUG PrimaryStageWindow   - Creating a JavaFX scene
15:17:46.184 [JavaFX Application Thread] DEBUG PrimaryStageWindow   - Target settings size: 960.0 x 640.0
15:17:46.184 [JavaFX Application Thread] DEBUG PrimaryStageWindow   - Scaled scene size:    960.0 x 640.0
15:17:46.184 [JavaFX Application Thread] DEBUG PrimaryStageWindow   - Scaled ratio: (1.0, 1.0)
15:17:46.184 [JavaFX Application Thread] DEBUG PrimaryStageWindow   - Set initial scene to FXGLStartupScene
15:17:46.187 [JavaFX Application Thread] DEBUG PrimaryStageWindow   - Opening main window
15:17:46.229 [JavaFX Application Thread] DEBUG PrimaryStageWindow   - Window border size: (0.0, 28.0)
15:17:46.229 [JavaFX Application Thread] DEBUG PrimaryStageWindow   - Scaled size: 960.0 x 640.0
15:17:46.229 [JavaFX Application Thread] DEBUG PrimaryStageWindow   - Scaled ratio: (1.0, 1.0)
15:17:46.229 [JavaFX Application Thread] DEBUG PrimaryStageWindow   - Scene size: 960.0 x 640.0
15:17:46.229 [JavaFX Application Thread] DEBUG PrimaryStageWindow   - Stage size: 960.0 x 668.0
15:17:46.232 [FXGL Background Thread 1 ] DEBUG Engine               - Initializing environment variables
15:17:46.254 [FXGL Background Thread 1 ] DEBUG FXGLAssetLoaderServi - User app class for loading assets: class game.MarioApp
15:17:46.254 [FXGL Background Thread 1 ] DEBUG GameApplicationServi - Applying CSS: fxgl_dark.css
15:17:46.255 [FXGL Background Thread 1 ] DEBUG FXGLAssetLoaderServi - Loading from file system: jar:file:///Users/karinasang/.m2/repository/com/github/almasb/fxgl/17.1/fxgl-17.1.jar!/fxglassets/ui/css/fxgl_dark.css
15:17:46.276 [FXGL Background Thread 1 ] DEBUG GameApplicationServi - Initializing application scenes
15:17:46.371 [FXGL Background Thread 1 ] DEBUG GameWorld            - Game world initialized
15:17:46.401 [FXGL Background Thread 1 ] DEBUG PhysicsWorld         - Physics world initialized: appHeight=640, physics.ppm=50.0
15:17:46.401 [FXGL Background Thread 1 ] DEBUG PhysicsWorld         - Using strategy: BRUTE_FORCE
15:17:46.404 [FXGL Background Thread 1 ] DEBUG GameScene            - Game scene initialized: 960x640
15:17:46.412 [FXGL Background Thread 1 ] DEBUG FXGL.DefaultMenu     - createMenuBodyGameMenu()
15:17:46.420 [FXGL Background Thread 1 ] DEBUG FXGL.DefaultMenu     - createOptionsMenu()
15:17:46.425 [FXGL Background Thread 1 ] DEBUG FXGLAssetLoaderServi - Loading from file system: jar:file:///Users/karinasang/.m2/repository/com/github/almasb/fxgl/17.1/fxgl-17.1.jar!/fxglassets/textures/particles/smoke.png
15:17:46.477 [FXGL Background Thread 1 ] DEBUG FXGLAssetLoaderServi - Loading from file system: jar:file:///Users/karinasang/.m2/repository/com/github/almasb/fxgl/17.1/fxgl-17.1.jar!/fxglassets/textures/particles/trace_horizontal.png
15:17:46.493 [FXGL Background Thread 1 ] DEBUG GameApplicationServi - Application scenes initialized
15:17:46.498 [FXGL Background Thread 1 ] DEBUG SystemBundleService  - Loading FXGL system data
15:17:46.500 [FXGL Background Thread 1 ] DEBUG FileSystemAccess     - Reading from: /Users/karinasang/Sherry/MarioGame/system/fxgl.bundle
15:17:46.505 [FXGL Background Thread 1 ] DEBUG SystemBundleService  - Bundle FXGL: {}
15:17:46.505 [FXGL Background Thread 1 ] DEBUG UpdaterService       - Checking for updates
15:17:46.507 [FXGL Background Thread 4 ] DEBUG FXGLApplication      - Loading fonts
15:17:46.508 [FXGL Background Thread 1 ] DEBUG FXGLApplication      - Loading default localization
15:17:46.508 [FXGL Background Thread 4 ] DEBUG FXGLAssetLoaderServi - Loading from file system: jar:file:///Users/karinasang/.m2/repository/com/github/almasb/fxgl/17.1/fxgl-17.1.jar!/fxglassets/ui/fonts/VarelaRound-Regular.ttf
15:17:46.508 [FXGL Background Thread 1 ] DEBUG FXGLAssetLoaderServi - Loading from file system: jar:file:///Users/karinasang/.m2/repository/com/github/almasb/fxgl/17.1/fxgl-17.1.jar!/fxglassets/languages/english.lang
15:17:46.516 [FXGL Background Thread 4 ] DEBUG FXGLAssetLoaderServi - Loading from file system: jar:file:///Users/karinasang/.m2/repository/com/github/almasb/fxgl/17.1/fxgl-17.1.jar!/fxglassets/ui/fonts/Abel-Regular.ttf
15:17:46.518 [FXGL Background Thread 1 ] INFO  FXGLApplication      - FXGL initialization took: 0.286 sec
15:17:46.518 [FXGL Background Thread 4 ] DEBUG FXGLAssetLoaderServi - Loading from file system: jar:file:///Users/karinasang/.m2/repository/com/github/almasb/fxgl/17.1/fxgl-17.1.jar!/fxglassets/ui/fonts/TerminalLandMono-Regular.otf
15:17:46.520 [FXGL Background Thread 4 ] DEBUG FXGLAssetLoaderServi - Loading from file system: jar:file:///Users/karinasang/.m2/repository/com/github/almasb/fxgl/17.1/fxgl-17.1.jar!/fxglassets/ui/fonts/Courier-Prime.ttf
15:17:46.522 [JavaFX Application Thread] DEBUG Input                - Registered new binding: left - A
15:17:46.522 [JavaFX Application Thread] DEBUG Input                - Registered new binding: right - D
15:17:46.522 [JavaFX Application Thread] DEBUG Input                - Registered new binding: jump - Space
15:17:46.522 [JavaFX Application Thread] DEBUG FXGLAssetLoaderServi - Loading from file system: jar:file:///Users/karinasang/.m2/repository/com/github/almasb/fxgl/17.1/fxgl-17.1.jar!/fxglassets/textures/fxgl_icon.png
15:17:46.538 [JavaFX Application Thread] DEBUG FXGLAssetLoaderServi - Loading from file system: jar:file:///Users/karinasang/.m2/repository/com/github/almasb/fxgl/17.1/fxgl-17.1.jar!/fxglassets/textures/fxgl_default_cursor.png
15:17:46.540 [JavaFX Application Thread] DEBUG Input                - Registered new binding: Screenshot - CTRL+8
15:17:46.540 [JavaFX Application Thread] DEBUG Input                - Registered new binding: System info dump - CTRL+9
15:17:46.540 [JavaFX Application Thread] DEBUG Input                - Registered new binding: Restart - CTRL+R
15:17:46.540 [JavaFX Application Thread] DEBUG Input                - Registered new binding: Toggle Debug Camera - CTRL+7
15:17:46.541 [JavaFX Application Thread] DEBUG LoopRunner           - Starting loop
15:17:46.541 [JavaFX Application Thread] DEBUG LoopRunner           - Initializing JavaFX AnimationTimerLoop
15:17:46.541 [JavaFX Application Thread] DEBUG GameApplicationServi - Starting new game
15:17:46.542 [JavaFX Application Thread] DEBUG Input                - Clearing active input actions
15:17:46.546 [JavaFX Application Thread] DEBUG GameApplicationServi - Removing overlay from FXGLStartupScene and adding to FXGLLoadingScene
15:17:46.546 [JavaFX Application Thread] DEBUG PrimaryStageWindow   - FXGLStartupScene -> FXGLLoadingScene
15:17:46.546 [JavaFX Application Thread] DEBUG GameApplicationServi - Clearing previous game
15:17:46.546 [JavaFX Application Thread] DEBUG GameScene            - Clearing game scene
15:17:46.546 [JavaFX Application Thread] DEBUG GameWorld            - Clearing game world
15:17:46.546 [JavaFX Application Thread] DEBUG PhysicsWorld         - Clearing physics world
15:17:46.547 [FXGL Background Thread 4 ] DEBUG FXGLApplication      - Initializing game
15:17:46.563 [FXGL Background Thread 4 ] WARN  TMXLevelLoader       - TiledMap generated from 1.9.2. Supported version: 1.4.2. Some features may not be parsed fully.
15:17:46.567 [FXGL Background Thread 4 ] DEBUG TMXLevelLoader       - Parsed TiledMap: file:/Users/karinasang/Sherry/MarioGame/target/classes/assets/levels/marioMap.tmx
15:17:46.567 [FXGL Background Thread 4 ] DEBUG TMXLevelLoader       - Creating tile layer entities
15:17:46.569 [JavaFX Application Thread] DEBUG FXGLApplication      - Registering font factories with UI factory
15:17:46.569 [FXGL Background Thread 4 ] DEBUG TilesetLoader        - Loading view for layer Tile Layer 1
15:17:46.569 [FXGL Background Thread 4 ] DEBUG TilesetLoader        - Created buffer with size 960.0x640.0
15:17:46.592 [FXGL Background Thread 4 ] DEBUG TMXLevelLoader       - Creating object layer entities
15:17:46.602 [FXGL Background Thread 4 ] DEBUG GameWorld            - Clearing removable entities
15:17:46.602 [FXGL Background Thread 4 ] DEBUG GameWorld            - Setting level: com.almasb.fxgl.entity.level.Level@75fa32b2
15:17:46.605 [FXGL Background Thread 4 ] INFO  FXGLApplication      - Game initialization took: 0.058 sec
15:17:46.625 [JavaFX Application Thread] DEBUG Input                - Clearing active input actions
15:17:46.630 [JavaFX Application Thread] DEBUG GameApplicationServi - Removing overlay from FXGLLoadingScene and adding to GameScene
15:17:46.630 [JavaFX Application Thread] DEBUG PrimaryStageWindow   - FXGLLoadingScene -> GameScene
15:17:46.817 [FXGL Background Thread 2 ] INFO  UpdaterService       - Your current version:  17.1
15:17:46.817 [FXGL Background Thread 2 ] INFO  UpdaterService       - Latest stable version: 17.2
15:17:49.275 [JavaFX Application Thread] DEBUG FXGLApplication      - Exiting FXGL
15:17:49.275 [JavaFX Application Thread] DEBUG LoopRunner           - Stopping loop
15:17:49.275 [JavaFX Application Thread] DEBUG SystemBundleService  - Saving FXGL system data
15:17:49.279 [JavaFX Application Thread] DEBUG FileSystemAccess     - Writing to: /Users/karinasang/Sherry/MarioGame/system/fxgl.bundle
15:17:49.282 [JavaFX Application Thread] DEBUG Async                - Shutting down background threads
15:17:49.282 [JavaFX Application Thread] DEBUG PrimaryStageWindow   - Closing main window
15:17:49.291 [JavaFX Application Thread] DEBUG Logger               - Closing Logger
